[debug] [2022-09-09T10:11:29.968Z] ----------------------------------------------------------------------
[debug] [2022-09-09T10:11:29.969Z] Command:       C:\Program Files\nodejs\node.exe C:\Users\henning\AppData\Roaming\npm\node_modules\firebase-tools\lib\bin\firebase.js init
[debug] [2022-09-09T10:11:29.970Z] CLI Version:   11.8.1
[debug] [2022-09-09T10:11:29.970Z] Platform:      win32
[debug] [2022-09-09T10:11:29.970Z] Node Version:  v18.2.0
[debug] [2022-09-09T10:11:29.971Z] Time:          Fri Sep 09 2022 12:11:29 GMT+0200 (Mitteleuropäische Sommerzeit)
[debug] [2022-09-09T10:11:29.971Z] ----------------------------------------------------------------------
[debug] 
[debug] [2022-09-09T10:11:29.977Z] > command requires scopes: ["email","openid","https://www.googleapis.com/auth/cloudplatformprojects.readonly","https://www.googleapis.com/auth/firebase","https://www.googleapis.com/auth/cloud-platform"]
[debug] [2022-09-09T10:11:29.977Z] > authorizing via signed-in user (kh.cyt.fb@gmail.com)
[info] 
     ######## #### ########  ######## ########     ###     ######  ########
     ##        ##  ##     ## ##       ##     ##  ##   ##  ##       ##
     ######    ##  ########  ######   ########  #########  ######  ######
     ##        ##  ##    ##  ##       ##     ## ##     ##       ## ##
     ##       #### ##     ## ######## ########  ##     ##  ######  ########

You're about to initialize a Firebase project in this directory:

  C:\temp\uglified\fairusell

Before we get started, keep in mind:

  * You are currently outside your home directory

[info] 
=== Project Setup
[info] 
[info] First, let's associate this project directory with a Firebase project.
[info] You can create multiple project aliases by running firebase use --add, 
[info] but for now we'll just set up a default project.
[info] 
[info] i  If you want to create a project in a Google Cloud organization or folder, please use "firebase projects:create" instead, and return to this command when you've created the project. 
[debug] [2022-09-09T10:13:00.559Z] >>> [apiv2][query] POST https://cloudresourcemanager.googleapis.com/v1/projects [none]
[debug] [2022-09-09T10:13:00.559Z] >>> [apiv2][body] POST https://cloudresourcemanager.googleapis.com/v1/projects {"projectId":"fairusell","name":"fairusell"}
[debug] [2022-09-09T10:13:01.476Z] <<< [apiv2][status] POST https://cloudresourcemanager.googleapis.com/v1/projects 200
[debug] [2022-09-09T10:13:01.476Z] <<< [apiv2][body] POST https://cloudresourcemanager.googleapis.com/v1/projects {"name":"operations/cp.6914331263535965636"}
[debug] [2022-09-09T10:13:01.477Z] >>> [apiv2][query] GET https://cloudresourcemanager.googleapis.com/v1/operations/cp.6914331263535965636 [none]
[debug] [2022-09-09T10:13:02.349Z] <<< [apiv2][status] GET https://cloudresourcemanager.googleapis.com/v1/operations/cp.6914331263535965636 200
[debug] [2022-09-09T10:13:02.350Z] <<< [apiv2][body] GET https://cloudresourcemanager.googleapis.com/v1/operations/cp.6914331263535965636 {"name":"operations/cp.6914331263535965636"}
[debug] [2022-09-09T10:13:02.852Z] [Project Creation Poller] Retrying task index 0
[debug] [2022-09-09T10:13:02.854Z] >>> [apiv2][query] GET https://cloudresourcemanager.googleapis.com/v1/operations/cp.6914331263535965636 [none]
[debug] [2022-09-09T10:13:03.737Z] <<< [apiv2][status] GET https://cloudresourcemanager.googleapis.com/v1/operations/cp.6914331263535965636 200
[debug] [2022-09-09T10:13:03.738Z] <<< [apiv2][body] GET https://cloudresourcemanager.googleapis.com/v1/operations/cp.6914331263535965636 {"name":"operations/cp.6914331263535965636","metadata":{"@type":"type.googleapis.com/google.cloudresourcemanager.v1.ProjectCreationStatus","gettable":true}}
[debug] [2022-09-09T10:13:04.747Z] [Project Creation Poller] Retrying task index 0
[debug] [2022-09-09T10:13:04.747Z] >>> [apiv2][query] GET https://cloudresourcemanager.googleapis.com/v1/operations/cp.6914331263535965636 [none]
[debug] [2022-09-09T10:13:05.594Z] <<< [apiv2][status] GET https://cloudresourcemanager.googleapis.com/v1/operations/cp.6914331263535965636 200
[debug] [2022-09-09T10:13:05.594Z] <<< [apiv2][body] GET https://cloudresourcemanager.googleapis.com/v1/operations/cp.6914331263535965636 {"name":"operations/cp.6914331263535965636","metadata":{"@type":"type.googleapis.com/google.cloudresourcemanager.v1.ProjectCreationStatus","gettable":true,"ready":true},"done":true,"response":{"@type":"type.googleapis.com/google.cloudresourcemanager.v1.Project","projectNumber":"724317034818","projectId":"fairusell","lifecycleState":"ACTIVE","name":"fairusell","createTime":"2022-09-09T10:13:01.264Z"}}
[debug] [2022-09-09T10:13:05.595Z] >>> [apiv2][query] POST https://firebase.googleapis.com/v1beta1/projects/fairusell:addFirebase [none]
[debug] [2022-09-09T10:13:08.867Z] <<< [apiv2][status] POST https://firebase.googleapis.com/v1beta1/projects/fairusell:addFirebase 200
[debug] [2022-09-09T10:13:08.868Z] <<< [apiv2][body] POST https://firebase.googleapis.com/v1beta1/projects/fairusell:addFirebase {"name":"operations/workflows/NzI2YjFlMmItYWEwNi00ZDhkLTk3OTUtZTE2NTVkNjk5ZDll"}
[debug] [2022-09-09T10:13:08.869Z] >>> [apiv2][query] GET https://firebase.googleapis.com/v1beta1/operations/workflows/NzI2YjFlMmItYWEwNi00ZDhkLTk3OTUtZTE2NTVkNjk5ZDll [none]
[debug] [2022-09-09T10:13:09.595Z] <<< [apiv2][status] GET https://firebase.googleapis.com/v1beta1/operations/workflows/NzI2YjFlMmItYWEwNi00ZDhkLTk3OTUtZTE2NTVkNjk5ZDll 200
[debug] [2022-09-09T10:13:09.595Z] <<< [apiv2][body] GET https://firebase.googleapis.com/v1beta1/operations/workflows/NzI2YjFlMmItYWEwNi00ZDhkLTk3OTUtZTE2NTVkNjk5ZDll {"name":"operations/workflows/NzI2YjFlMmItYWEwNi00ZDhkLTk3OTUtZTE2NTVkNjk5ZDll"}
[debug] [2022-09-09T10:13:10.106Z] [Add Firebase Poller] Retrying task index 0
[debug] [2022-09-09T10:13:10.108Z] >>> [apiv2][query] GET https://firebase.googleapis.com/v1beta1/operations/workflows/NzI2YjFlMmItYWEwNi00ZDhkLTk3OTUtZTE2NTVkNjk5ZDll [none]
[debug] [2022-09-09T10:13:10.823Z] <<< [apiv2][status] GET https://firebase.googleapis.com/v1beta1/operations/workflows/NzI2YjFlMmItYWEwNi00ZDhkLTk3OTUtZTE2NTVkNjk5ZDll 200
[debug] [2022-09-09T10:13:10.823Z] <<< [apiv2][body] GET https://firebase.googleapis.com/v1beta1/operations/workflows/NzI2YjFlMmItYWEwNi00ZDhkLTk3OTUtZTE2NTVkNjk5ZDll {"name":"operations/workflows/NzI2YjFlMmItYWEwNi00ZDhkLTk3OTUtZTE2NTVkNjk5ZDll"}
[debug] [2022-09-09T10:13:11.825Z] [Add Firebase Poller] Retrying task index 0
[debug] [2022-09-09T10:13:11.825Z] >>> [apiv2][query] GET https://firebase.googleapis.com/v1beta1/operations/workflows/NzI2YjFlMmItYWEwNi00ZDhkLTk3OTUtZTE2NTVkNjk5ZDll [none]
[debug] [2022-09-09T10:13:12.366Z] <<< [apiv2][status] GET https://firebase.googleapis.com/v1beta1/operations/workflows/NzI2YjFlMmItYWEwNi00ZDhkLTk3OTUtZTE2NTVkNjk5ZDll 200
[debug] [2022-09-09T10:13:12.367Z] <<< [apiv2][body] GET https://firebase.googleapis.com/v1beta1/operations/workflows/NzI2YjFlMmItYWEwNi00ZDhkLTk3OTUtZTE2NTVkNjk5ZDll {"name":"operations/workflows/NzI2YjFlMmItYWEwNi00ZDhkLTk3OTUtZTE2NTVkNjk5ZDll"}
[debug] [2022-09-09T10:13:14.381Z] [Add Firebase Poller] Retrying task index 0
[debug] [2022-09-09T10:13:14.383Z] >>> [apiv2][query] GET https://firebase.googleapis.com/v1beta1/operations/workflows/NzI2YjFlMmItYWEwNi00ZDhkLTk3OTUtZTE2NTVkNjk5ZDll [none]
[debug] [2022-09-09T10:13:15.088Z] <<< [apiv2][status] GET https://firebase.googleapis.com/v1beta1/operations/workflows/NzI2YjFlMmItYWEwNi00ZDhkLTk3OTUtZTE2NTVkNjk5ZDll 200
[debug] [2022-09-09T10:13:15.088Z] <<< [apiv2][body] GET https://firebase.googleapis.com/v1beta1/operations/workflows/NzI2YjFlMmItYWEwNi00ZDhkLTk3OTUtZTE2NTVkNjk5ZDll {"name":"operations/workflows/NzI2YjFlMmItYWEwNi00ZDhkLTk3OTUtZTE2NTVkNjk5ZDll"}
[debug] [2022-09-09T10:13:19.094Z] [Add Firebase Poller] Retrying task index 0
[debug] [2022-09-09T10:13:19.095Z] >>> [apiv2][query] GET https://firebase.googleapis.com/v1beta1/operations/workflows/NzI2YjFlMmItYWEwNi00ZDhkLTk3OTUtZTE2NTVkNjk5ZDll [none]
[debug] [2022-09-09T10:13:19.689Z] <<< [apiv2][status] GET https://firebase.googleapis.com/v1beta1/operations/workflows/NzI2YjFlMmItYWEwNi00ZDhkLTk3OTUtZTE2NTVkNjk5ZDll 200
[debug] [2022-09-09T10:13:19.689Z] <<< [apiv2][body] GET https://firebase.googleapis.com/v1beta1/operations/workflows/NzI2YjFlMmItYWEwNi00ZDhkLTk3OTUtZTE2NTVkNjk5ZDll {"name":"operations/workflows/NzI2YjFlMmItYWEwNi00ZDhkLTk3OTUtZTE2NTVkNjk5ZDll","done":true,"response":{"@type":"type.googleapis.com/google.firebase.service.v1beta1.FirebaseProject","projectId":"fairusell","projectNumber":"724317034818","displayName":"fairusell","name":"projects/fairusell","resources":{"hostingSite":"fairusell"}}}
[info] 
[info] === Your Firebase project is ready! ===
[info] 
[info] Project information:
[info]    - Project ID: fairusell
[info]    - Project Name: fairusell
[info] 
[info] Firebase console is available at
[info] https://console.firebase.google.com/project/fairusell/overview
[info] i  Using project fairusell (fairusell) 
[info] 
=== Hosting Setup
[info] 
[info] Your public directory is the folder (relative to your project directory) that
[info] will contain Hosting assets to be uploaded with firebase deploy. If you
[info] have a build process for your assets, use your build's output directory.
[info] 
[debug] [2022-09-09T10:14:18.349Z] >>> [apiv2][query] GET https://www.gstatic.com/firebasejs/releases.json [none]
[debug] [2022-09-09T10:14:18.444Z] <<< [apiv2][status] GET https://www.gstatic.com/firebasejs/releases.json 200
[debug] [2022-09-09T10:14:18.444Z] <<< [apiv2][body] GET https://www.gstatic.com/firebasejs/releases.json {"current":{"version":"9.9.4","browserURL":"https://www.gstatic.com/firebasejs/9.9.4/firebase.js","packageURL":"https://www.gstatic.com/firebasejs/9.9.4/firebase.tgz"},"live":{"version":"9.9","browserURL":"https://www.gstatic.com/firebasejs/live/9.9/firebase.js","packageURL":"https://www.gstatic.com/firebasejs/live/9.9/firebase.tgz"},"components":{"analytics":"https://www.gstatic.com/firebasejs/9.9.4/firebase-analytics.js","app":"https://www.gstatic.com/firebasejs/9.9.4/firebase-app.js","app-check":"https://www.gstatic.com/firebasejs/9.9.4/firebase-app-check.js","auth":"https://www.gstatic.com/firebasejs/9.9.4/firebase-auth.js","auth/cordova":"https://www.gstatic.com/firebasejs/9.9.4/firebase-auth/cordova.js","auth/react-native":"https://www.gstatic.com/firebasejs/9.9.4/firebase-auth/react-native.js","functions":"https://www.gstatic.com/firebasejs/9.9.4/firebase-functions.js","firestore":"https://www.gstatic.com/firebasejs/9.9.4/firebase-firestore.js","firestore/lite":"https://www.gstatic.com/firebasejs/9.9.4/firebase-firestore/lite.js","installations":"https://www.gstatic.com/firebasejs/9.9.4/firebase-installations.js","storage":"https://www.gstatic.com/firebasejs/9.9.4/firebase-storage.js","performance":"https://www.gstatic.com/firebasejs/9.9.4/firebase-performance.js","remote-config":"https://www.gstatic.com/firebasejs/9.9.4/firebase-remote-config.js","messaging":"https://www.gstatic.com/firebasejs/9.9.4/firebase-messaging.js","messaging/sw":"https://www.gstatic.com/firebasejs/9.9.4/firebase-messaging/sw.js","database":"https://www.gstatic.com/firebasejs/9.9.4/firebase-database.js","firestore.memory":"https://www.gstatic.com/firebasejs/9.9.4/firebase-firestore.memory.js"}}
[info] +  Wrote ./index.html 
[info] 
[info] i  Didn't detect a .git folder. Assuming C:\temp\uglified\fairusell is the project root. 
[info] i  Authorizing with GitHub to upload your service account to a GitHub repository's secrets store. 
[info] 
[info] Visit this URL on this device to log in:
[info] https://github.com/login/oauth/authorize?client_id=89cf50f02ac6aaed3484&state=448254929&redirect_uri=http%3A%2F%2Flocalhost%3A9005&scope=read%3Auser%20repo%20public_repo
[info] 
[info] Waiting for authentication...
[debug] [2022-09-09T10:14:55.084Z] >>> [apiv2][query] POST https://github.com/login/oauth/access_token [none]
[debug] [2022-09-09T10:14:55.085Z] >>> [apiv2][body] POST https://github.com/login/oauth/access_token [stream]
[debug] [2022-09-09T10:14:55.356Z] <<< [apiv2][status] POST https://github.com/login/oauth/access_token 200
[debug] [2022-09-09T10:14:55.356Z] <<< [apiv2][body] POST https://github.com/login/oauth/access_token {"access_token":"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","token_type":"bearer","scope":"read:user,repo"}
[debug] [2022-09-09T10:14:55.359Z] >>> [apiv2][query] GET https://api.github.com/user [none]
[debug] [2022-09-09T10:14:55.652Z] <<< [apiv2][status] GET https://api.github.com/user 200
[debug] [2022-09-09T10:14:55.652Z] <<< [apiv2][body] GET https://api.github.com/user {"login":"khcyt","id":54935653,"node_id":"MDQ6VXNlcjU0OTM1NjUz","avatar_url":"https://avatars.githubusercontent.com/u/54935653?v=4","gravatar_id":"","url":"https://api.github.com/users/khcyt","html_url":"https://github.com/khcyt","followers_url":"https://api.github.com/users/khcyt/followers","following_url":"https://api.github.com/users/khcyt/following{/other_user}","gists_url":"https://api.github.com/users/khcyt/gists{/gist_id}","starred_url":"https://api.github.com/users/khcyt/starred{/owner}{/repo}","subscriptions_url":"https://api.github.com/users/khcyt/subscriptions","organizations_url":"https://api.github.com/users/khcyt/orgs","repos_url":"https://api.github.com/users/khcyt/repos","events_url":"https://api.github.com/users/khcyt/events{/privacy}","received_events_url":"https://api.github.com/users/khcyt/received_events","type":"User","site_admin":false,"name":null,"company":null,"blog":"","location":null,"email":null,"hireable":null,"bio":null,"twitter_username":null,"public_repos":3,"public_gists":0,"followers":0,"following":0,"created_at":"2019-09-05T09:03:02Z","updated_at":"2021-03-17T13:39:33Z","private_gists":2,"total_private_repos":0,"owned_private_repos":0,"disk_usage":268,"collaborators":0,"two_factor_authentication":false,"plan":{"name":"free","space":976562499,"collaborators":0,"private_repos":10000}}
[info] 
[info] +  Success! Logged into GitHub as khcyt 
[info] 
[debug] [2022-09-09T10:15:34.131Z] >>> [apiv2][query] GET https://api.github.com/repos/khcyt/fairusell/actions/secrets/public-key type=owner
[debug] [2022-09-09T10:15:34.349Z] <<< [apiv2][status] GET https://api.github.com/repos/khcyt/fairusell/actions/secrets/public-key 404
[debug] [2022-09-09T10:15:34.349Z] <<< [apiv2][body] GET https://api.github.com/repos/khcyt/fairusell/actions/secrets/public-key {"message":"Not Found","documentation_url":"https://docs.github.com/rest/reference/actions#get-a-repository-public-key"}
[debug] [2022-09-09T10:15:45.058Z] >>> [apiv2][query] GET https://api.github.com/repos/khcyt/fairusell/actions/secrets/public-key type=owner
[debug] [2022-09-09T10:15:45.301Z] <<< [apiv2][status] GET https://api.github.com/repos/khcyt/fairusell/actions/secrets/public-key 404
[debug] [2022-09-09T10:15:45.301Z] <<< [apiv2][body] GET https://api.github.com/repos/khcyt/fairusell/actions/secrets/public-key {"message":"Not Found","documentation_url":"https://docs.github.com/rest/reference/actions#get-a-repository-public-key"}
[debug] [2022-09-09T10:16:18.802Z] >>> [apiv2][query] GET https://api.github.com/repos/khcyt/fairusell/actions/secrets/public-key type=owner
[debug] [2022-09-09T10:16:19.012Z] <<< [apiv2][status] GET https://api.github.com/repos/khcyt/fairusell/actions/secrets/public-key 404
[debug] [2022-09-09T10:16:19.013Z] <<< [apiv2][body] GET https://api.github.com/repos/khcyt/fairusell/actions/secrets/public-key {"message":"Not Found","documentation_url":"https://docs.github.com/rest/reference/actions#get-a-repository-public-key"}
[debug] [2022-09-09T10:16:20.194Z] >>> [apiv2][query] GET https://api.github.com/repos/khcyt/fairusell/actions/secrets/public-key type=owner
[debug] [2022-09-09T10:16:20.408Z] <<< [apiv2][status] GET https://api.github.com/repos/khcyt/fairusell/actions/secrets/public-key 404
[debug] [2022-09-09T10:16:20.408Z] <<< [apiv2][body] GET https://api.github.com/repos/khcyt/fairusell/actions/secrets/public-key {"message":"Not Found","documentation_url":"https://docs.github.com/rest/reference/actions#get-a-repository-public-key"}
[debug] [2022-09-09T10:16:20.546Z] >>> [apiv2][query] GET https://api.github.com/repos/khcyt/fairusell/actions/secrets/public-key type=owner
[debug] [2022-09-09T10:16:20.759Z] <<< [apiv2][status] GET https://api.github.com/repos/khcyt/fairusell/actions/secrets/public-key 404
[debug] [2022-09-09T10:16:20.760Z] <<< [apiv2][body] GET https://api.github.com/repos/khcyt/fairusell/actions/secrets/public-key {"message":"Not Found","documentation_url":"https://docs.github.com/rest/reference/actions#get-a-repository-public-key"}
[debug] [2022-09-09T10:16:20.817Z] >>> [apiv2][query] GET https://api.github.com/repos/khcyt/fairusell/actions/secrets/public-key type=owner
[debug] [2022-09-09T10:16:21.010Z] >>> [apiv2][query] GET https://api.github.com/repos//actions/secrets/public-key type=owner
[debug] [2022-09-09T10:16:21.019Z] <<< [apiv2][status] GET https://api.github.com/repos/khcyt/fairusell/actions/secrets/public-key 404
[debug] [2022-09-09T10:16:21.019Z] <<< [apiv2][body] GET https://api.github.com/repos/khcyt/fairusell/actions/secrets/public-key {"message":"Not Found","documentation_url":"https://docs.github.com/rest/reference/actions#get-a-repository-public-key"}
[debug] [2022-09-09T10:16:21.186Z] >>> [apiv2][query] GET https://api.github.com/repos/khcyt/fairusell/actions/secrets/public-key type=owner
[debug] [2022-09-09T10:16:21.210Z] <<< [apiv2][status] GET https://api.github.com/repos//actions/secrets/public-key 404
[debug] [2022-09-09T10:16:21.210Z] <<< [apiv2][body] GET https://api.github.com/repos//actions/secrets/public-key {"message":"Not Found","documentation_url":"https://docs.github.com/rest"}
[debug] [2022-09-09T10:16:21.362Z] >>> [apiv2][query] GET https://api.github.com/repos//actions/secrets/public-key type=owner
[debug] [2022-09-09T10:16:21.415Z] <<< [apiv2][status] GET https://api.github.com/repos/khcyt/fairusell/actions/secrets/public-key 404
[debug] [2022-09-09T10:16:21.415Z] <<< [apiv2][body] GET https://api.github.com/repos/khcyt/fairusell/actions/secrets/public-key {"message":"Not Found","documentation_url":"https://docs.github.com/rest/reference/actions#get-a-repository-public-key"}
[debug] [2022-09-09T10:16:21.570Z] <<< [apiv2][status] GET https://api.github.com/repos//actions/secrets/public-key 404
[debug] [2022-09-09T10:16:21.570Z] <<< [apiv2][body] GET https://api.github.com/repos//actions/secrets/public-key {"message":"Not Found","documentation_url":"https://docs.github.com/rest"}
